2025-11-06T00:13:30.029+05:30  INFO 38744 --- [review-service] [main] c.o.r.ReviewServiceApplication           : Starting ReviewServiceApplication using Java 21 with PID 38744 (C:\Users\2440741\gencWorkspaces\backendmicroservices\review-service\target\classes started by 2440741 in C:\Users\2440741\gencWorkspaces\backendmicroservices\review-service)
2025-11-06T00:13:30.065+05:30  INFO 38744 --- [review-service] [main] c.o.r.ReviewServiceApplication           : No active profile set, falling back to 1 default profile: "default"
2025-11-06T00:13:35.029+05:30  INFO 38744 --- [review-service] [main] .s.d.r.c.RepositoryConfigurationDelegate : Bootstrapping Spring Data JPA repositories in DEFAULT mode.
2025-11-06T00:13:36.183+05:30  INFO 38744 --- [review-service] [main] .s.d.r.c.RepositoryConfigurationDelegate : Finished Spring Data repository scanning in 1105 ms. Found 1 JPA repository interface.
2025-11-06T00:13:37.116+05:30  INFO 38744 --- [review-service] [main] o.s.cloud.context.scope.GenericScope     : BeanFactory id=00856832-0bda-32ba-ac9f-78ed233dd1ee
2025-11-06T00:13:39.820+05:30  INFO 38744 --- [review-service] [main] o.s.b.w.embedded.tomcat.TomcatWebServer  : Tomcat initialized with port 4050 (http)
2025-11-06T00:13:39.902+05:30  INFO 38744 --- [review-service] [main] o.apache.catalina.core.StandardService   : Starting service [Tomcat]
2025-11-06T00:13:39.905+05:30  INFO 38744 --- [review-service] [main] o.apache.catalina.core.StandardEngine    : Starting Servlet engine: [Apache Tomcat/10.1.48]
2025-11-06T00:13:40.362+05:30  INFO 38744 --- [review-service] [main] o.a.c.c.C.[Tomcat].[localhost].[/]       : Initializing Spring embedded WebApplicationContext
2025-11-06T00:13:40.367+05:30  INFO 38744 --- [review-service] [main] w.s.c.ServletWebServerApplicationContext : Root WebApplicationContext: initialization completed in 10128 ms
2025-11-06T00:13:41.422+05:30  INFO 38744 --- [review-service] [main] com.zaxxer.hikari.HikariDataSource       : HikariPool-1 - Starting...
2025-11-06T00:13:42.389+05:30  INFO 38744 --- [review-service] [main] com.zaxxer.hikari.pool.HikariPool        : HikariPool-1 - Added connection com.mysql.cj.jdbc.ConnectionImpl@64420e34
2025-11-06T00:13:42.406+05:30  INFO 38744 --- [review-service] [main] com.zaxxer.hikari.HikariDataSource       : HikariPool-1 - Start completed.
2025-11-06T00:13:42.613+05:30  INFO 38744 --- [review-service] [main] o.hibernate.jpa.internal.util.LogHelper  : HHH000204: Processing PersistenceUnitInfo [name: default]
2025-11-06T00:13:42.945+05:30  INFO 38744 --- [review-service] [main] org.hibernate.Version                    : HHH000412: Hibernate ORM core version 6.6.33.Final
2025-11-06T00:13:43.227+05:30  INFO 38744 --- [review-service] [main] o.h.c.internal.RegionFactoryInitiator    : HHH000026: Second-level cache disabled
2025-11-06T00:13:44.667+05:30  INFO 38744 --- [review-service] [main] o.s.o.j.p.SpringPersistenceUnitInfo      : No LoadTimeWeaver setup: ignoring JPA class transformer
2025-11-06T00:13:44.962+05:30  WARN 38744 --- [review-service] [main] org.hibernate.orm.deprecation            : HHH90000025: MySQLDialect does not need to be specified explicitly using 'hibernate.dialect' (remove the property setting and it will be selected by default)
2025-11-06T00:13:45.019+05:30  INFO 38744 --- [review-service] [main] org.hibernate.orm.connections.pooling    : HHH10001005: Database info:
	Database JDBC URL [Connecting through datasource 'HikariDataSource (HikariPool-1)']
	Database driver: undefined/unknown
	Database version: 8.0.42
	Autocommit mode: undefined/unknown
	Isolation level: undefined/unknown
	Minimum pool size: undefined/unknown
	Maximum pool size: undefined/unknown
2025-11-06T00:13:47.989+05:30  INFO 38744 --- [review-service] [main] o.h.e.t.j.p.i.JtaPlatformInitiator       : HHH000489: No JTA platform available (set 'hibernate.transaction.jta.platform' to enable JTA platform integration)
2025-11-06T00:13:48.189+05:30  INFO 38744 --- [review-service] [main] j.LocalContainerEntityManagerFactoryBean : Initialized JPA EntityManagerFactory for persistence unit 'default'
2025-11-06T00:13:48.883+05:30  INFO 38744 --- [review-service] [main] o.s.d.j.r.query.QueryEnhancerFactory     : Hibernate is in classpath; If applicable, HQL parser will be used.
2025-11-06T00:13:50.785+05:30  WARN 38744 --- [review-service] [main] JpaBaseConfiguration$JpaWebConfiguration : spring.jpa.open-in-view is enabled by default. Therefore, database queries may be performed during view rendering. Explicitly configure spring.jpa.open-in-view to disable this warning
2025-11-06T00:13:53.642+05:30  INFO 38744 --- [review-service] [main] DiscoveryClientOptionalArgsConfiguration : Eureka HTTP Client uses RestTemplate.
2025-11-06T00:13:53.760+05:30  WARN 38744 --- [review-service] [main] iguration$LoadBalancerCaffeineWarnLogger : Spring Cloud LoadBalancer is currently working with the default cache. While this cache implementation is useful for development and tests, it's recommended to use Caffeine cache in production.You can switch to using Caffeine cache, by adding it and org.springframework.cache.caffeine.CaffeineCacheManager to the classpath.
2025-11-06T00:13:54.063+05:30  INFO 38744 --- [review-service] [main] o.s.c.n.eureka.InstanceInfoFactory       : Setting initial instance status as: STARTING
2025-11-06T00:13:54.151+05:30  INFO 38744 --- [review-service] [main] com.netflix.discovery.DiscoveryClient    : Initializing Eureka in region us-east-1
2025-11-06T00:13:54.165+05:30  INFO 38744 --- [review-service] [main] c.n.d.s.r.aws.ConfigClusterResolver      : Resolving eureka endpoints via configuration
2025-11-06T00:13:54.197+05:30  INFO 38744 --- [review-service] [main] com.netflix.discovery.DiscoveryClient    : Disable delta property : false
2025-11-06T00:13:54.198+05:30  INFO 38744 --- [review-service] [main] com.netflix.discovery.DiscoveryClient    : Single vip registry refresh property : null
2025-11-06T00:13:54.198+05:30  INFO 38744 --- [review-service] [main] com.netflix.discovery.DiscoveryClient    : Force full registry fetch : false
2025-11-06T00:13:54.198+05:30  INFO 38744 --- [review-service] [main] com.netflix.discovery.DiscoveryClient    : Application is null : false
2025-11-06T00:13:54.198+05:30  INFO 38744 --- [review-service] [main] com.netflix.discovery.DiscoveryClient    : Registered Applications size is zero : true
2025-11-06T00:13:54.198+05:30  INFO 38744 --- [review-service] [main] com.netflix.discovery.DiscoveryClient    : Application version is -1: true
2025-11-06T00:13:54.198+05:30  INFO 38744 --- [review-service] [main] com.netflix.discovery.DiscoveryClient    : Getting all instance registry info from the eureka server
2025-11-06T00:13:55.723+05:30  INFO 38744 --- [review-service] [main] com.netflix.discovery.DiscoveryClient    : The response status is 200
2025-11-06T00:13:55.731+05:30  INFO 38744 --- [review-service] [main] com.netflix.discovery.DiscoveryClient    : Starting heartbeat executor: renew interval is: 30
2025-11-06T00:13:55.739+05:30  INFO 38744 --- [review-service] [main] c.n.discovery.InstanceInfoReplicator     : InstanceInfoReplicator onDemand update allowed rate per min is 4
2025-11-06T00:13:55.745+05:30  INFO 38744 --- [review-service] [main] com.netflix.discovery.DiscoveryClient    : Discovery Client initialized at timestamp 1762368235743 with initial instances count: 2
2025-11-06T00:13:55.758+05:30  INFO 38744 --- [review-service] [main] o.s.c.n.e.s.EurekaServiceRegistry        : Registering application REVIEW-SERVICE with eureka with status UP
2025-11-06T00:13:55.763+05:30  INFO 38744 --- [review-service] [main] com.netflix.discovery.DiscoveryClient    : Saw local status change event StatusChangeEvent [timestamp=1762368235763, current=UP, previous=STARTING]
2025-11-06T00:13:55.770+05:30  INFO 38744 --- [review-service] [DiscoveryClient-InstanceInfoReplicator-%d] com.netflix.discovery.DiscoveryClient    : DiscoveryClient_REVIEW-SERVICE/LTIN650418.cts.com:review-service:4050: registering service...
2025-11-06T00:13:55.861+05:30  INFO 38744 --- [review-service] [main] o.s.b.w.embedded.tomcat.TomcatWebServer  : Tomcat started on port 4050 (http) with context path '/'
2025-11-06T00:13:55.864+05:30  INFO 38744 --- [review-service] [main] .s.c.n.e.s.EurekaAutoServiceRegistration : Updating port to 4050
2025-11-06T00:13:55.957+05:30  INFO 38744 --- [review-service] [DiscoveryClient-InstanceInfoReplicator-%d] com.netflix.discovery.DiscoveryClient    : DiscoveryClient_REVIEW-SERVICE/LTIN650418.cts.com:review-service:4050 - registration status: 204
2025-11-06T00:13:56.112+05:30  INFO 38744 --- [review-service] [main] o.s.b.w.embedded.tomcat.TomcatWebServer  : Tomcat initialized with port 9200 (http)
2025-11-06T00:13:56.114+05:30  INFO 38744 --- [review-service] [main] o.apache.catalina.core.StandardService   : Starting service [Tomcat]
2025-11-06T00:13:56.115+05:30  INFO 38744 --- [review-service] [main] o.apache.catalina.core.StandardEngine    : Starting Servlet engine: [Apache Tomcat/10.1.48]
2025-11-06T00:13:56.253+05:30  INFO 38744 --- [review-service] [main] o.a.c.c.C.[Tomcat-1].[localhost].[/]     : Initializing Spring embedded WebApplicationContext
2025-11-06T00:13:56.254+05:30  INFO 38744 --- [review-service] [main] w.s.c.ServletWebServerApplicationContext : Root WebApplicationContext: initialization completed in 359 ms
2025-11-06T00:13:56.297+05:30  INFO 38744 --- [review-service] [main] o.s.b.a.e.web.EndpointLinksResolver      : Exposing 17 endpoints beneath base path '/actuator'
2025-11-06T00:13:56.480+05:30  INFO 38744 --- [review-service] [main] o.s.b.w.embedded.tomcat.TomcatWebServer  : Tomcat started on port 9200 (http) with context path '/'
2025-11-06T00:13:56.536+05:30  INFO 38744 --- [review-service] [main] c.o.r.ReviewServiceApplication           : Started ReviewServiceApplication in 28.119 seconds (process running for 29.93)
2025-11-06T00:18:54.209+05:30  INFO 38744 --- [review-service] [AsyncResolver-bootstrap-executor-%d] c.n.d.s.r.aws.ConfigClusterResolver      : Resolving eureka endpoints via configuration
2025-11-06T00:23:54.215+05:30  INFO 38744 --- [review-service] [AsyncResolver-bootstrap-executor-%d] c.n.d.s.r.aws.ConfigClusterResolver      : Resolving eureka endpoints via configuration
2025-11-06T00:28:54.226+05:30  INFO 38744 --- [review-service] [AsyncResolver-bootstrap-executor-%d] c.n.d.s.r.aws.ConfigClusterResolver      : Resolving eureka endpoints via configuration
2025-11-06T00:33:54.232+05:30  INFO 38744 --- [review-service] [AsyncResolver-bootstrap-executor-%d] c.n.d.s.r.aws.ConfigClusterResolver      : Resolving eureka endpoints via configuration
2025-11-06T00:38:54.246+05:30  INFO 38744 --- [review-service] [AsyncResolver-bootstrap-executor-%d] c.n.d.s.r.aws.ConfigClusterResolver      : Resolving eureka endpoints via configuration
2025-11-06T00:43:54.248+05:30  INFO 38744 --- [review-service] [AsyncResolver-bootstrap-executor-%d] c.n.d.s.r.aws.ConfigClusterResolver      : Resolving eureka endpoints via configuration
2025-11-06T00:48:54.262+05:30  INFO 38744 --- [review-service] [AsyncResolver-bootstrap-executor-%d] c.n.d.s.r.aws.ConfigClusterResolver      : Resolving eureka endpoints via configuration
2025-11-06T00:53:54.264+05:30  INFO 38744 --- [review-service] [AsyncResolver-bootstrap-executor-%d] c.n.d.s.r.aws.ConfigClusterResolver      : Resolving eureka endpoints via configuration
2025-11-06T00:58:54.279+05:30  INFO 38744 --- [review-service] [AsyncResolver-bootstrap-executor-%d] c.n.d.s.r.aws.ConfigClusterResolver      : Resolving eureka endpoints via configuration
2025-11-06T01:03:54.285+05:30  INFO 38744 --- [review-service] [AsyncResolver-bootstrap-executor-%d] c.n.d.s.r.aws.ConfigClusterResolver      : Resolving eureka endpoints via configuration
2025-11-06T05:20:23.544+05:30  WARN 38744 --- [review-service] [HikariPool-1:housekeeper] com.zaxxer.hikari.pool.HikariPool        : HikariPool-1 - Thread starvation or clock leap detected (housekeeper delta=4h12m39s990ms416µs900ns).
2025-11-06T08:44:47.830+05:30  WARN 38744 --- [review-service] [HikariPool-1:housekeeper] com.zaxxer.hikari.pool.HikariPool        : HikariPool-1 - Thread starvation or clock leap detected (housekeeper delta=3h24m34s407ms15µs100ns).
2025-11-06T08:45:05.951+05:30  INFO 38744 --- [review-service] [AsyncResolver-bootstrap-executor-%d] c.n.d.s.r.aws.ConfigClusterResolver      : Resolving eureka endpoints via configuration
2025-11-06T08:49:44.435+05:30  INFO 38744 --- [review-service] [SpringApplicationShutdownHook] o.s.c.n.e.s.EurekaServiceRegistry        : Unregistering application REVIEW-SERVICE with eureka with status DOWN
2025-11-06T08:49:44.446+05:30  INFO 38744 --- [review-service] [SpringApplicationShutdownHook] com.netflix.discovery.DiscoveryClient    : Saw local status change event StatusChangeEvent [timestamp=1762399184446, current=DOWN, previous=UP]
2025-11-06T08:49:44.447+05:30  INFO 38744 --- [review-service] [DiscoveryClient-InstanceInfoReplicator-%d] com.netflix.discovery.DiscoveryClient    : DiscoveryClient_REVIEW-SERVICE/LTIN650418.cts.com:review-service:4050: registering service...
2025-11-06T08:49:44.520+05:30  INFO 38744 --- [review-service] [DiscoveryClient-InstanceInfoReplicator-%d] com.netflix.discovery.DiscoveryClient    : DiscoveryClient_REVIEW-SERVICE/LTIN650418.cts.com:review-service:4050 - registration status: 204
2025-11-06T08:49:44.655+05:30  INFO 38744 --- [review-service] [SpringApplicationShutdownHook] o.s.b.w.e.tomcat.GracefulShutdown        : Commencing graceful shutdown. Waiting for active requests to complete
2025-11-06T08:49:44.748+05:30  INFO 38744 --- [review-service] [tomcat-shutdown] o.s.b.w.e.tomcat.GracefulShutdown        : Graceful shutdown complete
2025-11-06T08:49:44.758+05:30  INFO 38744 --- [review-service] [SpringApplicationShutdownHook] o.s.b.w.e.tomcat.GracefulShutdown        : Commencing graceful shutdown. Waiting for active requests to complete
2025-11-06T08:49:44.793+05:30  INFO 38744 --- [review-service] [tomcat-shutdown] o.s.b.w.e.tomcat.GracefulShutdown        : Graceful shutdown complete
2025-11-06T08:49:45.324+05:30  INFO 38744 --- [review-service] [SpringApplicationShutdownHook] j.LocalContainerEntityManagerFactoryBean : Closing JPA EntityManagerFactory for persistence unit 'default'
2025-11-06T08:49:45.442+05:30  INFO 38744 --- [review-service] [SpringApplicationShutdownHook] com.zaxxer.hikari.HikariDataSource       : HikariPool-1 - Shutdown initiated...
2025-11-06T08:49:45.483+05:30  INFO 38744 --- [review-service] [SpringApplicationShutdownHook] com.zaxxer.hikari.HikariDataSource       : HikariPool-1 - Shutdown completed.
2025-11-06T08:49:45.497+05:30  INFO 38744 --- [review-service] [SpringApplicationShutdownHook] com.netflix.discovery.DiscoveryClient    : Shutting down DiscoveryClient ...
2025-11-06T08:49:48.513+05:30  INFO 38744 --- [review-service] [SpringApplicationShutdownHook] com.netflix.discovery.DiscoveryClient    : Unregistering ...
2025-11-06T08:49:48.566+05:30  INFO 38744 --- [review-service] [SpringApplicationShutdownHook] com.netflix.discovery.DiscoveryClient    : DiscoveryClient_REVIEW-SERVICE/LTIN650418.cts.com:review-service:4050 - deregister  status: 200
2025-11-06T08:49:48.569+05:30  INFO 38744 --- [review-service] [SpringApplicationShutdownHook] com.netflix.discovery.DiscoveryClient    : Completed shut down of DiscoveryClient
2025-11-06T13:31:46.007+05:30  INFO 37040 --- [review-service] [main] c.o.r.ReviewServiceApplication           : Starting ReviewServiceApplication using Java 21 with PID 37040 (C:\Users\2440741\gencWorkspaces\backendmicroservices\review-service\target\classes started by 2440741 in C:\Users\2440741\gencWorkspaces\backendmicroservices\review-service)
2025-11-06T13:31:46.012+05:30  INFO 37040 --- [review-service] [main] c.o.r.ReviewServiceApplication           : No active profile set, falling back to 1 default profile: "default"
2025-11-06T13:31:47.957+05:30  INFO 37040 --- [review-service] [main] .s.d.r.c.RepositoryConfigurationDelegate : Bootstrapping Spring Data JPA repositories in DEFAULT mode.
2025-11-06T13:31:48.159+05:30  INFO 37040 --- [review-service] [main] .s.d.r.c.RepositoryConfigurationDelegate : Finished Spring Data repository scanning in 179 ms. Found 1 JPA repository interface.
2025-11-06T13:31:48.497+05:30  INFO 37040 --- [review-service] [main] o.s.cloud.context.scope.GenericScope     : BeanFactory id=00856832-0bda-32ba-ac9f-78ed233dd1ee
2025-11-06T13:31:49.671+05:30  INFO 37040 --- [review-service] [main] o.s.b.w.embedded.tomcat.TomcatWebServer  : Tomcat initialized with port 4050 (http)
2025-11-06T13:31:49.713+05:30  INFO 37040 --- [review-service] [main] o.apache.catalina.core.StandardService   : Starting service [Tomcat]
2025-11-06T13:31:49.713+05:30  INFO 37040 --- [review-service] [main] o.apache.catalina.core.StandardEngine    : Starting Servlet engine: [Apache Tomcat/10.1.48]
2025-11-06T13:31:49.918+05:30  INFO 37040 --- [review-service] [main] o.a.c.c.C.[Tomcat].[localhost].[/]       : Initializing Spring embedded WebApplicationContext
2025-11-06T13:31:49.918+05:30  INFO 37040 --- [review-service] [main] w.s.c.ServletWebServerApplicationContext : Root WebApplicationContext: initialization completed in 3827 ms
2025-11-06T13:31:50.343+05:30  INFO 37040 --- [review-service] [main] com.zaxxer.hikari.HikariDataSource       : HikariPool-1 - Starting...
2025-11-06T13:31:50.615+05:30  INFO 37040 --- [review-service] [main] com.zaxxer.hikari.pool.HikariPool        : HikariPool-1 - Added connection com.mysql.cj.jdbc.ConnectionImpl@d8e4250
2025-11-06T13:31:50.617+05:30  INFO 37040 --- [review-service] [main] com.zaxxer.hikari.HikariDataSource       : HikariPool-1 - Start completed.
2025-11-06T13:31:50.686+05:30  INFO 37040 --- [review-service] [main] o.hibernate.jpa.internal.util.LogHelper  : HHH000204: Processing PersistenceUnitInfo [name: default]
2025-11-06T13:31:50.829+05:30  INFO 37040 --- [review-service] [main] org.hibernate.Version                    : HHH000412: Hibernate ORM core version 6.6.33.Final
2025-11-06T13:31:50.920+05:30  INFO 37040 --- [review-service] [main] o.h.c.internal.RegionFactoryInitiator    : HHH000026: Second-level cache disabled
2025-11-06T13:31:51.432+05:30  INFO 37040 --- [review-service] [main] o.s.o.j.p.SpringPersistenceUnitInfo      : No LoadTimeWeaver setup: ignoring JPA class transformer
2025-11-06T13:31:51.586+05:30  WARN 37040 --- [review-service] [main] org.hibernate.orm.deprecation            : HHH90000025: MySQLDialect does not need to be specified explicitly using 'hibernate.dialect' (remove the property setting and it will be selected by default)
2025-11-06T13:31:51.611+05:30  INFO 37040 --- [review-service] [main] org.hibernate.orm.connections.pooling    : HHH10001005: Database info:
	Database JDBC URL [Connecting through datasource 'HikariDataSource (HikariPool-1)']
	Database driver: undefined/unknown
	Database version: 8.0.42
	Autocommit mode: undefined/unknown
	Isolation level: undefined/unknown
	Minimum pool size: undefined/unknown
	Maximum pool size: undefined/unknown
2025-11-06T13:31:52.764+05:30  INFO 37040 --- [review-service] [main] o.h.e.t.j.p.i.JtaPlatformInitiator       : HHH000489: No JTA platform available (set 'hibernate.transaction.jta.platform' to enable JTA platform integration)
2025-11-06T13:31:52.914+05:30  INFO 37040 --- [review-service] [main] j.LocalContainerEntityManagerFactoryBean : Initialized JPA EntityManagerFactory for persistence unit 'default'
2025-11-06T13:31:53.581+05:30  INFO 37040 --- [review-service] [main] o.s.d.j.r.query.QueryEnhancerFactory     : Hibernate is in classpath; If applicable, HQL parser will be used.
2025-11-06T13:31:54.860+05:30  WARN 37040 --- [review-service] [main] JpaBaseConfiguration$JpaWebConfiguration : spring.jpa.open-in-view is enabled by default. Therefore, database queries may be performed during view rendering. Explicitly configure spring.jpa.open-in-view to disable this warning
2025-11-06T13:31:56.764+05:30  INFO 37040 --- [review-service] [main] DiscoveryClientOptionalArgsConfiguration : Eureka HTTP Client uses RestTemplate.
2025-11-06T13:31:56.823+05:30  WARN 37040 --- [review-service] [main] iguration$LoadBalancerCaffeineWarnLogger : Spring Cloud LoadBalancer is currently working with the default cache. While this cache implementation is useful for development and tests, it's recommended to use Caffeine cache in production.You can switch to using Caffeine cache, by adding it and org.springframework.cache.caffeine.CaffeineCacheManager to the classpath.
2025-11-06T13:31:56.918+05:30  INFO 37040 --- [review-service] [main] o.s.c.n.eureka.InstanceInfoFactory       : Setting initial instance status as: STARTING
2025-11-06T13:31:56.951+05:30  INFO 37040 --- [review-service] [main] com.netflix.discovery.DiscoveryClient    : Initializing Eureka in region us-east-1
2025-11-06T13:31:56.957+05:30  INFO 37040 --- [review-service] [main] c.n.d.s.r.aws.ConfigClusterResolver      : Resolving eureka endpoints via configuration
2025-11-06T13:31:56.964+05:30  INFO 37040 --- [review-service] [main] com.netflix.discovery.DiscoveryClient    : Disable delta property : false
2025-11-06T13:31:56.965+05:30  INFO 37040 --- [review-service] [main] com.netflix.discovery.DiscoveryClient    : Single vip registry refresh property : null
2025-11-06T13:31:56.965+05:30  INFO 37040 --- [review-service] [main] com.netflix.discovery.DiscoveryClient    : Force full registry fetch : false
2025-11-06T13:31:56.965+05:30  INFO 37040 --- [review-service] [main] com.netflix.discovery.DiscoveryClient    : Application is null : false
2025-11-06T13:31:56.965+05:30  INFO 37040 --- [review-service] [main] com.netflix.discovery.DiscoveryClient    : Registered Applications size is zero : true
2025-11-06T13:31:56.965+05:30  INFO 37040 --- [review-service] [main] com.netflix.discovery.DiscoveryClient    : Application version is -1: true
2025-11-06T13:31:56.965+05:30  INFO 37040 --- [review-service] [main] com.netflix.discovery.DiscoveryClient    : Getting all instance registry info from the eureka server
2025-11-06T13:31:57.602+05:30  INFO 37040 --- [review-service] [main] com.netflix.discovery.DiscoveryClient    : The response status is 200
2025-11-06T13:31:57.606+05:30  INFO 37040 --- [review-service] [main] com.netflix.discovery.DiscoveryClient    : Starting heartbeat executor: renew interval is: 30
2025-11-06T13:31:57.611+05:30  INFO 37040 --- [review-service] [main] c.n.discovery.InstanceInfoReplicator     : InstanceInfoReplicator onDemand update allowed rate per min is 4
2025-11-06T13:31:57.616+05:30  INFO 37040 --- [review-service] [main] com.netflix.discovery.DiscoveryClient    : Discovery Client initialized at timestamp 1762416117614 with initial instances count: 0
2025-11-06T13:31:57.623+05:30  INFO 37040 --- [review-service] [main] o.s.c.n.e.s.EurekaServiceRegistry        : Registering application REVIEW-SERVICE with eureka with status UP
2025-11-06T13:31:57.625+05:30  INFO 37040 --- [review-service] [main] com.netflix.discovery.DiscoveryClient    : Saw local status change event StatusChangeEvent [timestamp=1762416117625, current=UP, previous=STARTING]
2025-11-06T13:31:57.628+05:30  INFO 37040 --- [review-service] [DiscoveryClient-InstanceInfoReplicator-%d] com.netflix.discovery.DiscoveryClient    : DiscoveryClient_REVIEW-SERVICE/LTIN650418.cts.com:review-service:4050: registering service...
2025-11-06T13:31:57.679+05:30  INFO 37040 --- [review-service] [main] o.s.b.w.embedded.tomcat.TomcatWebServer  : Tomcat started on port 4050 (http) with context path '/'
2025-11-06T13:31:57.680+05:30  INFO 37040 --- [review-service] [main] .s.c.n.e.s.EurekaAutoServiceRegistration : Updating port to 4050
2025-11-06T13:31:57.721+05:30  INFO 37040 --- [review-service] [DiscoveryClient-InstanceInfoReplicator-%d] com.netflix.discovery.DiscoveryClient    : DiscoveryClient_REVIEW-SERVICE/LTIN650418.cts.com:review-service:4050 - registration status: 204
2025-11-06T13:31:57.854+05:30  INFO 37040 --- [review-service] [main] o.s.b.w.embedded.tomcat.TomcatWebServer  : Tomcat initialized with port 9200 (http)
2025-11-06T13:31:57.856+05:30  INFO 37040 --- [review-service] [main] o.apache.catalina.core.StandardService   : Starting service [Tomcat]
2025-11-06T13:31:57.857+05:30  INFO 37040 --- [review-service] [main] o.apache.catalina.core.StandardEngine    : Starting Servlet engine: [Apache Tomcat/10.1.48]
2025-11-06T13:31:57.948+05:30  INFO 37040 --- [review-service] [main] o.a.c.c.C.[Tomcat-1].[localhost].[/]     : Initializing Spring embedded WebApplicationContext
2025-11-06T13:31:57.948+05:30  INFO 37040 --- [review-service] [main] w.s.c.ServletWebServerApplicationContext : Root WebApplicationContext: initialization completed in 252 ms
2025-11-06T13:31:57.974+05:30  INFO 37040 --- [review-service] [main] o.s.b.a.e.web.EndpointLinksResolver      : Exposing 17 endpoints beneath base path '/actuator'
2025-11-06T13:31:58.073+05:30  INFO 37040 --- [review-service] [main] o.s.b.w.embedded.tomcat.TomcatWebServer  : Tomcat started on port 9200 (http) with context path '/'
2025-11-06T13:31:58.114+05:30  INFO 37040 --- [review-service] [main] c.o.r.ReviewServiceApplication           : Started ReviewServiceApplication in 12.989 seconds (process running for 14.022)
2025-11-06T13:52:39.948+05:30  WARN 37040 --- [review-service] [HikariPool-1:housekeeper] com.zaxxer.hikari.pool.HikariPool        : HikariPool-1 - Thread starvation or clock leap detected (housekeeper delta=20m49s216ms159µs500ns).
2025-11-06T13:52:46.826+05:30  INFO 37040 --- [review-service] [DiscoveryClient-CacheRefreshExecutor-%d] com.netflix.discovery.DiscoveryClient    : Disable delta property : false
2025-11-06T13:52:46.827+05:30  INFO 37040 --- [review-service] [DiscoveryClient-CacheRefreshExecutor-%d] com.netflix.discovery.DiscoveryClient    : Single vip registry refresh property : null
2025-11-06T13:52:46.827+05:30  INFO 37040 --- [review-service] [DiscoveryClient-CacheRefreshExecutor-%d] com.netflix.discovery.DiscoveryClient    : Force full registry fetch : false
2025-11-06T13:52:46.827+05:30  INFO 37040 --- [review-service] [DiscoveryClient-CacheRefreshExecutor-%d] com.netflix.discovery.DiscoveryClient    : Application is null : false
2025-11-06T13:52:46.827+05:30  INFO 37040 --- [review-service] [DiscoveryClient-CacheRefreshExecutor-%d] com.netflix.discovery.DiscoveryClient    : Registered Applications size is zero : true
2025-11-06T13:52:46.827+05:30  INFO 37040 --- [review-service] [DiscoveryClient-CacheRefreshExecutor-%d] com.netflix.discovery.DiscoveryClient    : Application version is -1: false
2025-11-06T13:52:46.827+05:30  INFO 37040 --- [review-service] [DiscoveryClient-CacheRefreshExecutor-%d] com.netflix.discovery.DiscoveryClient    : Getting all instance registry info from the eureka server
2025-11-06T13:52:46.934+05:30  INFO 37040 --- [review-service] [DiscoveryClient-CacheRefreshExecutor-%d] com.netflix.discovery.DiscoveryClient    : The response status is 200
2025-11-06T13:57:16.182+05:30  INFO 37040 --- [review-service] [AsyncResolver-bootstrap-executor-%d] c.n.d.s.r.aws.ConfigClusterResolver      : Resolving eureka endpoints via configuration
2025-11-06T14:02:16.205+05:30  INFO 37040 --- [review-service] [AsyncResolver-bootstrap-executor-%d] c.n.d.s.r.aws.ConfigClusterResolver      : Resolving eureka endpoints via configuration
2025-11-06T14:07:16.240+05:30  INFO 37040 --- [review-service] [AsyncResolver-bootstrap-executor-%d] c.n.d.s.r.aws.ConfigClusterResolver      : Resolving eureka endpoints via configuration
2025-11-06T14:48:54.729+05:30  WARN 37040 --- [review-service] [HikariPool-1:housekeeper] com.zaxxer.hikari.pool.HikariPool        : HikariPool-1 - Thread starvation or clock leap detected (housekeeper delta=40m44s503ms744µs700ns).
2025-11-06T14:48:54.983+05:30  INFO 37040 --- [review-service] [SpringApplicationShutdownHook] o.s.c.n.e.s.EurekaServiceRegistry        : Unregistering application REVIEW-SERVICE with eureka with status DOWN
2025-11-06T14:48:54.986+05:30  INFO 37040 --- [review-service] [SpringApplicationShutdownHook] com.netflix.discovery.DiscoveryClient    : Saw local status change event StatusChangeEvent [timestamp=1762420734985, current=DOWN, previous=UP]
2025-11-06T14:48:55.156+05:30  INFO 37040 --- [review-service] [SpringApplicationShutdownHook] o.s.b.w.e.tomcat.GracefulShutdown        : Commencing graceful shutdown. Waiting for active requests to complete
2025-11-06T14:48:55.214+05:30  INFO 37040 --- [review-service] [tomcat-shutdown] o.s.b.w.e.tomcat.GracefulShutdown        : Graceful shutdown complete
2025-11-06T14:48:55.229+05:30  INFO 37040 --- [review-service] [SpringApplicationShutdownHook] o.s.b.w.e.tomcat.GracefulShutdown        : Commencing graceful shutdown. Waiting for active requests to complete
2025-11-06T14:48:55.237+05:30  INFO 37040 --- [review-service] [tomcat-shutdown] o.s.b.w.e.tomcat.GracefulShutdown        : Graceful shutdown complete
2025-11-06T14:48:55.585+05:30  INFO 37040 --- [review-service] [SpringApplicationShutdownHook] j.LocalContainerEntityManagerFactoryBean : Closing JPA EntityManagerFactory for persistence unit 'default'
2025-11-06T14:48:55.693+05:30  INFO 37040 --- [review-service] [SpringApplicationShutdownHook] com.zaxxer.hikari.HikariDataSource       : HikariPool-1 - Shutdown initiated...
2025-11-06T14:48:56.702+05:30  INFO 37040 --- [review-service] [DiscoveryClient-InstanceInfoReplicator-%d] com.netflix.discovery.DiscoveryClient    : DiscoveryClient_REVIEW-SERVICE/LTIN650418.cts.com:review-service:4050: registering service...
2025-11-06T14:48:57.397+05:30  WARN 37040 --- [review-service] [DiscoveryClient-%d] c.netflix.discovery.TimedSupervisorTask  : task supervisor timed out

java.util.concurrent.TimeoutException: null
	at java.base/java.util.concurrent.FutureTask.get(FutureTask.java:204) ~[na:na]
	at com.netflix.discovery.TimedSupervisorTask.run(TimedSupervisorTask.java:65) ~[eureka-client-2.0.4.jar:2.0.4]
	at java.base/java.util.concurrent.Executors$RunnableAdapter.call(Executors.java:572) ~[na:na]
	at java.base/java.util.concurrent.FutureTask.run(FutureTask.java:317) ~[na:na]
	at java.base/java.util.concurrent.ScheduledThreadPoolExecutor$ScheduledFutureTask.run(ScheduledThreadPoolExecutor.java:304) ~[na:na]
	at java.base/java.util.concurrent.ThreadPoolExecutor.runWorker(ThreadPoolExecutor.java:1144) ~[na:na]
	at java.base/java.util.concurrent.ThreadPoolExecutor$Worker.run(ThreadPoolExecutor.java:642) ~[na:na]
	at java.base/java.lang.Thread.run(Thread.java:1583) ~[na:na]

2025-11-06T14:48:57.397+05:30  WARN 37040 --- [review-service] [DiscoveryClient-%d] c.netflix.discovery.TimedSupervisorTask  : task supervisor timed out

java.util.concurrent.TimeoutException: null
	at java.base/java.util.concurrent.FutureTask.get(FutureTask.java:204) ~[na:na]
	at com.netflix.discovery.TimedSupervisorTask.run(TimedSupervisorTask.java:65) ~[eureka-client-2.0.4.jar:2.0.4]
	at java.base/java.util.concurrent.Executors$RunnableAdapter.call(Executors.java:572) ~[na:na]
	at java.base/java.util.concurrent.FutureTask.run(FutureTask.java:317) ~[na:na]
	at java.base/java.util.concurrent.ScheduledThreadPoolExecutor$ScheduledFutureTask.run(ScheduledThreadPoolExecutor.java:304) ~[na:na]
	at java.base/java.util.concurrent.ThreadPoolExecutor.runWorker(ThreadPoolExecutor.java:1144) ~[na:na]
	at java.base/java.util.concurrent.ThreadPoolExecutor$Worker.run(ThreadPoolExecutor.java:642) ~[na:na]
	at java.base/java.lang.Thread.run(Thread.java:1583) ~[na:na]

2025-11-06T14:49:03.599+05:30  INFO 37040 --- [review-service] [DiscoveryClient-InstanceInfoReplicator-%d] com.netflix.discovery.DiscoveryClient    : DiscoveryClient_REVIEW-SERVICE/LTIN650418.cts.com:review-service:4050 - registration status: 204
2025-11-06T14:49:04.134+05:30  INFO 37040 --- [review-service] [SpringApplicationShutdownHook] com.zaxxer.hikari.HikariDataSource       : HikariPool-1 - Shutdown completed.
2025-11-06T14:49:04.151+05:30  INFO 37040 --- [review-service] [SpringApplicationShutdownHook] com.netflix.discovery.DiscoveryClient    : Shutting down DiscoveryClient ...
2025-11-06T14:49:07.161+05:30  INFO 37040 --- [review-service] [SpringApplicationShutdownHook] com.netflix.discovery.DiscoveryClient    : Unregistering ...
2025-11-06T14:49:07.202+05:30  INFO 37040 --- [review-service] [SpringApplicationShutdownHook] com.netflix.discovery.DiscoveryClient    : DiscoveryClient_REVIEW-SERVICE/LTIN650418.cts.com:review-service:4050 - deregister  status: 200
2025-11-06T14:49:07.203+05:30  INFO 37040 --- [review-service] [SpringApplicationShutdownHook] com.netflix.discovery.DiscoveryClient    : Completed shut down of DiscoveryClient
